<?xml version="1.0" encoding="UTF-8"?>
<testsuite name="a1.SortsTest" tests="20" skipped="0" failures="0" errors="0" timestamp="2024-02-08T06:02:31" hostname="cf405-09" time="0.016">
  <properties/>
  <testcase name="test00Insertion" classname="a1.SortsTest" time="0.002"/>
  <testcase name="test01Insertion" classname="a1.SortsTest" time="0.004"/>
  <testcase name="test02Insertion" classname="a1.SortsTest" time="0.001"/>
  <testcase name="test03Insertion" classname="a1.SortsTest" time="0.0"/>
  <testcase name="test04Insertion" classname="a1.SortsTest" time="0.002"/>
  <testcase name="test10Merge" classname="a1.SortsTest" time="0.0"/>
  <testcase name="test11Merge" classname="a1.SortsTest" time="0.001"/>
  <testcase name="test12Mergesort" classname="a1.SortsTest" time="0.0"/>
  <testcase name="test13Mergesort" classname="a1.SortsTest" time="0.001"/>
  <testcase name="test14Mergesort" classname="a1.SortsTest" time="0.001"/>
  <testcase name="test20Partition" classname="a1.SortsTest" time="0.0"/>
  <testcase name="test21Partition" classname="a1.SortsTest" time="0.0"/>
  <testcase name="test22Partition" classname="a1.SortsTest" time="0.0"/>
  <testcase name="test23Quicksort" classname="a1.SortsTest" time="0.001"/>
  <testcase name="test24Quicksort" classname="a1.SortsTest" time="0.001"/>
  <testcase name="test30Radix" classname="a1.SortsTest" time="0.0"/>
  <testcase name="test31Radix" classname="a1.SortsTest" time="0.001"/>
  <testcase name="test32Radix" classname="a1.SortsTest" time="0.0"/>
  <testcase name="test33Radix" classname="a1.SortsTest" time="0.001"/>
  <testcase name="test34Radix" classname="a1.SortsTest" time="0.0"/>
  <system-out><![CDATA[]]></system-out>
  <system-err><![CDATA[]]></system-err>
</testsuite>
